#
# A fatal error has been detected by the Java Runtime Environment:
#
#  EXCEPTION_ACCESS_VIOLATION (0xc0000005) at pc=0x00007ffbd6007735, pid=16524, tid=8356
#
# JRE version: Java(TM) SE Runtime Environment 18.9 (11.0.14+8) (build 11.0.14+8-LTS-263)
# Java VM: Java HotSpot(TM) 64-Bit Server VM 18.9 (11.0.14+8-LTS-263, mixed mode, tiered, compressed oops, g1 gc, windows-amd64)
# Problematic frame:
# V  [jvm.dll+0x1e7735]
#
# No core dump will be written. Minidumps are not enabled by default on client versions of Windows
#
# If you would like to submit a bug report, please visit:
#   https://bugreport.java.com/bugreport/crash.jsp
#

---------------  S U M M A R Y ------------

Command Line: -Dcom.sun.management.jmxremote -Dcom.sun.management.jmxremote.port=61504 -Dcom.sun.management.jmxremote.authenticate=false -Dcom.sun.management.jmxremote.ssl=false -Djava.rmi.server.hostname=localhost -Dspring.jmx.enabled=true -Dspring.application.admin.enabled=true -XX:TieredStopAtLevel=1 -Dspring.boot.project.name=demo-1 -Dfile.encoding=UTF-8 com.example.demo.Demo1Application --spring.output.ansi.enabled=always

Host: 12th Gen Intel(R) Core(TM) i5-1245U, 12 cores, 31G,  Windows 11 , 64 bit Build 22000 (10.0.22000.1516)
Time: Thu Mar  2 19:48:01 2023 India Standard Time elapsed time: 3.729778 seconds (0d 0h 0m 3s)

---------------  T H R E A D  ---------------

Current thread (0x000002a140f8e800):  ConcurrentGCThread "G1 Conc#1" [stack: 0x000000b776300000,0x000000b776400000] [id=8356]

Stack: [0x000000b776300000,0x000000b776400000],  sp=0x000000b7763ff430,  free space=1021k
Native frames: (J=compiled Java code, j=interpreted, Vv=VM code, C=native code)
V  [jvm.dll+0x1e7735]
V  [jvm.dll+0x2d6028]
V  [jvm.dll+0x2dcf24]
V  [jvm.dll+0x792f40]
V  [jvm.dll+0x721d44]
V  [jvm.dll+0x6285d6]
C  [ucrtbase.dll+0x26c0c]
C  [KERNEL32.DLL+0x155a0]
C  [ntdll.dll+0x485b]


siginfo: EXCEPTION_ACCESS_VIOLATION (0xc0000005), reading address 0x0000000000000160


Register to memory mapping:

RIP=0x00007ffbd6007735 jvm.dll
RAX=0x000002a112867348 points into unknown readable memory: 0x0000000000000000 | 00 00 00 00 00 00 00 00
RBX=0x0000000619cd1fd0 is pointing into object: [Ljava.util.concurrent.ConcurrentHashMap$Node; 
{0x0000000619cc5390} - klass: 'java/util/concurrent/ConcurrentHashMap$Node'[]
 - length: 16384
RCX=0x0000000000000015 is an unknown value
RDX=0x0000000000000001 is an unknown value
RSP=0x000000b7763ff430 points into unknown readable memory: 0x0000000800005c58 | 58 5c 00 00 08 00 00 00
RBP=0x0 is NULL
RSI=0x0000000619cd53a0 is an oop: java.util.concurrent.ConcurrentHashMap$Node 
{0x0000000619cd53a0} - klass: 'java/util/concurrent/ConcurrentHashMap$Node'
RDI=0x0000000080000000 is an unknown value
R8 =0x0000000080000000 is an unknown value
R9 =0x0 is NULL
R10=0x0 is NULL
R11=0x000000b7763ff250 points into unknown readable memory: 0x0000000000000000 | 00 00 00 00 00 00 00 00
R12=0x0000000000000001 is an unknown value
R13=0x00007ffbd6800310 jvm.dll
R14=0x000002a11289b228 points into unknown readable memory: 0x000002a11282ea08 | 08 ea 82 12 a1 02 00 00
R15=0x000002a11289b180 points into unknown readable memory: 0x000002a11289c000 | 00 c0 89 12 a1 02 00 00


Registers:
RAX=0x000002a112867348, RBX=0x0000000619cd1fd0, RCX=0x0000000000000015, RDX=0x0000000000000001
RSP=0x000000b7763ff430, RBP=0x0000000000000000, RSI=0x0000000619cd53a0, RDI=0x0000000080000000
R8 =0x0000000080000000, R9 =0x0000000000000000, R10=0x0000000000000000, R11=0x000000b7763ff250
R12=0x0000000000000001, R13=0x00007ffbd6800310, R14=0x000002a11289b228, R15=0x000002a11289b180
RIP=0x00007ffbd6007735, EFLAGS=0x0000000000010206

Top of Stack: (sp=0x000000b7763ff430)
0x000000b7763ff430:   0000000800005c58 0000000619e00000
0x000000b7763ff440:   0000000619cc5368 0000000000000001
0x000000b7763ff450:   000000b7743ff1b0 0000000000000001
0x000000b7763ff460:   000000b7763ff4c0 00007ffbd60f6028
0x000000b7763ff470:   0000000619cd0c6c 0000000619cd53a0
0x000000b7763ff480:   000002a11289b228 0000000619e00000
0x000000b7763ff490:   0000000000002002 00007ffbd60fcf24
0x000000b7763ff4a0:   000000080001ac30 0000000619cc5390
0x000000b7763ff4b0:   0000000619cc5368 0000000000000000
0x000000b7763ff4c0:   00007ffbd6687888 0000000000000000
0x000000b7763ff4d0:   000002a11282e540 000002a11289b180
0x000000b7763ff4e0:   0000000000000001 00007ffbd65b345b
0x000000b7763ff4f0:   0000000000000000 00000000000075a3
0x000000b7763ff500:   0000000000000000 000002a140f8e800
0x000000b7763ff510:   0000000000000000 00007ffbd65b2f40
0x000000b7763ff520:   000002a140f8e800 000000b7763ff7d0 

Instructions: (pc=0x00007ffbd6007735)
0x00007ffbd6007715:   4d 8b d0 44 8b e2 49 8b e9 49 8b f8 8b 88 c0 02
0x00007ffbd6007725:   00 00 48 8b 80 b0 02 00 00 49 d3 ea 4e 8b 14 d0
0x00007ffbd6007735:   4d 3b 82 60 01 00 00 72 11 32 c0 48 8b 6c 24 58
0x00007ffbd6007745:   48 83 c4 20 41 5f 41 5c 5f c3 49 8b 87 90 00 00 


Stack slot to memory mapping:
stack at sp + 0 slots: 0x0000000800005c58 is a pointer to class: 
java.lang.ref.WeakReference {0x0000000800005c60}
stack at sp + 1 slots: 0x0000000619e00000 is an oop: [Ljava.util.HashMap$Node; 
{0x0000000619e00000} - klass: 'java/util/HashMap$Node'[]
 - length: 16
stack at sp + 2 slots: 0x0000000619cc5368 is an oop: java.lang.Package$VersionInfo 
{0x0000000619cc5368} - klass: 'java/lang/Package$VersionInfo'
stack at sp + 3 slots: 0x0000000000000001 is an unknown value
stack at sp + 4 slots: 0x000000b7743ff1b0 points into unknown readable memory: 0x00007ffbd6687f18 | 18 7f 68 d6 fb 7f 00 00
stack at sp + 5 slots: 0x0000000000000001 is an unknown value
stack at sp + 6 slots: 0x000000b7763ff4c0 points into unknown readable memory: 0x00007ffbd6687888 | 88 78 68 d6 fb 7f 00 00
stack at sp + 7 slots: 0x00007ffbd60f6028 jvm.dll


---------------  P R O C E S S  ---------------

Threads class SMR info:
_java_thread_list=0x000002a14403af70, length=36, elements={
0x000002a13efeb800, 0x000002a13efed000, 0x000002a13f06c800, 0x000002a13f070800,
0x000002a13f072800, 0x000002a13f077000, 0x000002a13f078800, 0x000002a13f1b0800,
0x000002a140370800, 0x000002a140363800, 0x000002a140358800, 0x000002a140e5f800,
0x000002a140e66000, 0x000002a140f3e800, 0x000002a140f79800, 0x000002a141759800,
0x000002a141784000, 0x000002a14178b800, 0x000002a14178e000, 0x000002a14178d000,
0x000002a14178f000, 0x000002a14178a000, 0x000002a14178c800, 0x000002a14178f800,
0x000002a141790800, 0x000002a14178b000, 0x000002a143c02800, 0x000002a143c05000,
0x000002a143c06000, 0x000002a143c04800, 0x000002a143c01000, 0x000002a143c00800,
0x000002a143c03800, 0x000002a143c07000, 0x000002a143c07800, 0x000002a143c02000
}

Java Threads: ( => current thread )
  0x000002a13efeb800 JavaThread "Reference Handler" daemon [_thread_blocked, id=7600, stack(0x000000b774800000,0x000000b774900000)]
  0x000002a13efed000 JavaThread "Finalizer" daemon [_thread_blocked, id=14608, stack(0x000000b774900000,0x000000b774a00000)]
  0x000002a13f06c800 JavaThread "Signal Dispatcher" daemon [_thread_blocked, id=9680, stack(0x000000b774a00000,0x000000b774b00000)]
  0x000002a13f070800 JavaThread "Attach Listener" daemon [_thread_blocked, id=2604, stack(0x000000b774b00000,0x000000b774c00000)]
  0x000002a13f072800 JavaThread "Service Thread" daemon [_thread_blocked, id=15200, stack(0x000000b774c00000,0x000000b774d00000)]
  0x000002a13f077000 JavaThread "C1 CompilerThread0" daemon [_thread_blocked, id=8316, stack(0x000000b774d00000,0x000000b774e00000)]
  0x000002a13f078800 JavaThread "Sweeper thread" daemon [_thread_blocked, id=5252, stack(0x000000b774e00000,0x000000b774f00000)]
  0x000002a13f1b0800 JavaThread "Common-Cleaner" daemon [_thread_blocked, id=3152, stack(0x000000b774f00000,0x000000b775000000)]
  0x000002a140370800 JavaThread "RMI TCP Accept-0" daemon [_thread_in_native, id=18388, stack(0x000000b775100000,0x000000b775200000)]
  0x000002a140363800 JavaThread "RMI TCP Accept-61504" daemon [_thread_in_native, id=4024, stack(0x000000b775200000,0x000000b775300000)]
  0x000002a140358800 JavaThread "RMI TCP Accept-0" daemon [_thread_in_native, id=15264, stack(0x000000b775300000,0x000000b775400000)]
  0x000002a140e5f800 JavaThread "RMI TCP Connection(1)-127.0.0.1" daemon [_thread_in_native, id=15736, stack(0x000000b775f00000,0x000000b776000000)]
  0x000002a140e66000 JavaThread "RMI TCP Connection(2)-127.0.0.1" daemon [_thread_in_native, id=2252, stack(0x000000b776000000,0x000000b776100000)]
  0x000002a140f3e800 JavaThread "RMI Scheduler(0)" daemon [_thread_blocked, id=16940, stack(0x000000b776100000,0x000000b776200000)]
  0x000002a140f79800 JavaThread "JMX server connection timeout 21" daemon [_thread_blocked, id=16716, stack(0x000000b776200000,0x000000b776300000)]
  0x000002a141759800 JavaThread "Catalina-utility-1" [_thread_blocked, id=4800, stack(0x000000b775e00000,0x000000b775f00000)]
  0x000002a141784000 JavaThread "Catalina-utility-2" [_thread_blocked, id=2484, stack(0x000000b776500000,0x000000b776600000)]
  0x000002a14178b800 JavaThread "container-0" [_thread_blocked, id=13308, stack(0x000000b776600000,0x000000b776700000)]
  0x000002a14178e000 JavaThread "HikariPool-1 housekeeper" daemon [_thread_blocked, id=17468, stack(0x000000b776700000,0x000000b776800000)]
  0x000002a14178d000 JavaThread "task-1" [_thread_blocked, id=10548, stack(0x000000b776800000,0x000000b776900000)]
  0x000002a14178f000 JavaThread "HikariPool-1 connection adder" daemon [_thread_blocked, id=11948, stack(0x000000b776900000,0x000000b776a00000)]
  0x000002a14178a000 JavaThread "http-nio-9091-BlockPoller" daemon [_thread_in_native, id=9588, stack(0x000000b776a00000,0x000000b776b00000)]
  0x000002a14178c800 JavaThread "http-nio-9091-exec-1" daemon [_thread_blocked, id=6492, stack(0x000000b776b00000,0x000000b776c00000)]
  0x000002a14178f800 JavaThread "http-nio-9091-exec-2" daemon [_thread_blocked, id=4812, stack(0x000000b776c00000,0x000000b776d00000)]
  0x000002a141790800 JavaThread "http-nio-9091-exec-3" daemon [_thread_blocked, id=14212, stack(0x000000b776d00000,0x000000b776e00000)]
  0x000002a14178b000 JavaThread "http-nio-9091-exec-4" daemon [_thread_blocked, id=3004, stack(0x000000b776e00000,0x000000b776f00000)]
  0x000002a143c02800 JavaThread "http-nio-9091-exec-5" daemon [_thread_blocked, id=2548, stack(0x000000b776f00000,0x000000b777000000)]
  0x000002a143c05000 JavaThread "http-nio-9091-exec-6" daemon [_thread_blocked, id=14876, stack(0x000000b777000000,0x000000b777100000)]
  0x000002a143c06000 JavaThread "http-nio-9091-exec-7" daemon [_thread_blocked, id=9672, stack(0x000000b777100000,0x000000b777200000)]
  0x000002a143c04800 JavaThread "http-nio-9091-exec-8" daemon [_thread_blocked, id=9944, stack(0x000000b777200000,0x000000b777300000)]
  0x000002a143c01000 JavaThread "http-nio-9091-exec-9" daemon [_thread_blocked, id=18176, stack(0x000000b777300000,0x000000b777400000)]
  0x000002a143c00800 JavaThread "http-nio-9091-exec-10" daemon [_thread_blocked, id=9920, stack(0x000000b777400000,0x000000b777500000)]
  0x000002a143c03800 JavaThread "http-nio-9091-ClientPoller" daemon [_thread_in_native, id=17908, stack(0x000000b777500000,0x000000b777600000)]
  0x000002a143c07000 JavaThread "http-nio-9091-Acceptor" daemon [_thread_in_native, id=12492, stack(0x000000b777600000,0x000000b777700000)]
  0x000002a143c07800 JavaThread "task-2" [_thread_blocked, id=4876, stack(0x000000b777700000,0x000000b777800000)]
  0x000002a143c02000 JavaThread "DestroyJavaVM" [_thread_blocked, id=8012, stack(0x000000b774100000,0x000000b774200000)]

Other Threads:
  0x000002a13efe9000 VMThread "VM Thread" [stack: 0x000000b774700000,0x000000b774800000] [id=9960]
  0x000002a140357800 WatcherThread [stack: 0x000000b775400000,0x000000b775500000] [id=7172]
  0x000002a112834800 GCTaskThread "GC Thread#0" [stack: 0x000000b774200000,0x000000b774300000] [id=6632]
  0x000002a140cc3000 GCTaskThread "GC Thread#1" [stack: 0x000000b775500000,0x000000b775600000] [id=6336]
  0x000002a140ce4000 GCTaskThread "GC Thread#2" [stack: 0x000000b775600000,0x000000b775700000] [id=15772]
  0x000002a140ce5000 GCTaskThread "GC Thread#3" [stack: 0x000000b775700000,0x000000b775800000] [id=12388]
  0x000002a140cce800 GCTaskThread "GC Thread#4" [stack: 0x000000b775800000,0x000000b775900000] [id=10640]
  0x000002a140ce5800 GCTaskThread "GC Thread#5" [stack: 0x000000b775900000,0x000000b775a00000] [id=16708]
  0x000002a140ce6800 GCTaskThread "GC Thread#6" [stack: 0x000000b775a00000,0x000000b775b00000] [id=15352]
  0x000002a140ce7000 GCTaskThread "GC Thread#7" [stack: 0x000000b775b00000,0x000000b775c00000] [id=7268]
  0x000002a140cd9800 GCTaskThread "GC Thread#8" [stack: 0x000000b775c00000,0x000000b775d00000] [id=2788]
  0x000002a140cda000 GCTaskThread "GC Thread#9" [stack: 0x000000b775d00000,0x000000b775e00000] [id=7604]
  0x000002a11289c000 ConcurrentGCThread "G1 Main Marker" [stack: 0x000000b774300000,0x000000b774400000] [id=17768]
  0x000002a11289e000 ConcurrentGCThread "G1 Conc#0" [stack: 0x000000b774400000,0x000000b774500000] [id=3736]
=>0x000002a140f8e800 ConcurrentGCThread "G1 Conc#1" [stack: 0x000000b776300000,0x000000b776400000] [id=8356]
  0x000002a140fcb000 ConcurrentGCThread "G1 Conc#2" [stack: 0x000000b776400000,0x000000b776500000] [id=9668]
  0x000002a13c39f800 ConcurrentGCThread "G1 Refine#0" [stack: 0x000000b774500000,0x000000b774600000] [id=13204]
  0x000002a13c3a2800 ConcurrentGCThread "G1 Young RemSet Sampling" [stack: 0x000000b774600000,0x000000b774700000] [id=14160]

Threads with active compile tasks:

VM state:not at safepoint (normal execution)

VM Mutex/Monitor currently owned by a thread: None

Heap address: 0x0000000604e00000, size: 8114 MB, Compressed Oops mode: Zero based, Oop shift amount: 3
Narrow klass base: 0x0000000800000000, Narrow klass shift: 0
Compressed class space size: 1073741824 Address: 0x0000000800000000

Heap:
 garbage-first heap   total 624640K, used 40272K [0x0000000604e00000, 0x0000000800000000)
  region size 2048K, 18 young (36864K), 8 survivors (16384K)
 Metaspace       used 61200K, capacity 62849K, committed 63168K, reserved 1103872K
  class space    used 8155K, capacity 8824K, committed 8932K, reserved 1048576K
Heap Regions: E=young(eden), S=young(survivor), O=old, HS=humongous(starts), HC=humongous(continues), CS=collection set, F=free, A=archive, TAMS=top-at-mark-start (previous, next)
|   0|0x0000000604e00000, 0x0000000605000000, 0x0000000605000000|100%| O|  |TAMS 0x0000000605000000, 0x0000000605000000| Untracked 
|   1|0x0000000605000000, 0x0000000605200000, 0x0000000605200000|100%| O|  |TAMS 0x0000000605200000, 0x0000000605200000| Untracked 
|   2|0x0000000605200000, 0x0000000605400000, 0x0000000605400000|100%| O|  |TAMS 0x0000000605400000, 0x0000000605400000| Untracked 
|   3|0x0000000605400000, 0x0000000605471000, 0x0000000605600000| 22%| O|  |TAMS 0x0000000605471000, 0x0000000605471000| Untracked 
|   4|0x0000000605600000, 0x0000000605600000, 0x0000000605800000|  0%| F|  |TAMS 0x0000000605600000, 0x0000000605600000| Untracked 
|   5|0x0000000605800000, 0x0000000605800000, 0x0000000605a00000|  0%| F|  |TAMS 0x0000000605800000, 0x0000000605800000| Untracked 
|   6|0x0000000605a00000, 0x0000000605a00000, 0x0000000605c00000|  0%| F|  |TAMS 0x0000000605a00000, 0x0000000605a00000| Untracked 
|   7|0x0000000605c00000, 0x0000000605c00000, 0x0000000605e00000|  0%| F|  |TAMS 0x0000000605c00000, 0x0000000605c00000| Untracked 
|   8|0x0000000605e00000, 0x0000000605e00000, 0x0000000606000000|  0%| F|  |TAMS 0x0000000605e00000, 0x0000000605e00000| Untracked 
|   9|0x0000000606000000, 0x0000000606000000, 0x0000000606200000|  0%| F|  |TAMS 0x0000000606000000, 0x0000000606000000| Untracked 
|  10|0x0000000606200000, 0x0000000606200000, 0x0000000606400000|  0%| F|  |TAMS 0x0000000606200000, 0x0000000606200000| Untracked 
|  11|0x0000000606400000, 0x0000000606400000, 0x0000000606600000|  0%| F|  |TAMS 0x0000000606400000, 0x0000000606400000| Untracked 
|  12|0x0000000606600000, 0x0000000606600000, 0x0000000606800000|  0%| F|  |TAMS 0x0000000606600000, 0x0000000606600000| Untracked 
|  13|0x0000000606800000, 0x0000000606800000, 0x0000000606a00000|  0%| F|  |TAMS 0x0000000606800000, 0x0000000606800000| Untracked 
|  14|0x0000000606a00000, 0x0000000606a00000, 0x0000000606c00000|  0%| F|  |TAMS 0x0000000606a00000, 0x0000000606a00000| Untracked 
|  15|0x0000000606c00000, 0x0000000606c00000, 0x0000000606e00000|  0%| F|  |TAMS 0x0000000606c00000, 0x0000000606c00000| Untracked 
|  16|0x0000000606e00000, 0x0000000606e00000, 0x0000000607000000|  0%| F|  |TAMS 0x0000000606e00000, 0x0000000606e00000| Untracked 
|  17|0x0000000607000000, 0x0000000607000000, 0x0000000607200000|  0%| F|  |TAMS 0x0000000607000000, 0x0000000607000000| Untracked 
|  18|0x0000000607200000, 0x0000000607200000, 0x0000000607400000|  0%| F|  |TAMS 0x0000000607200000, 0x0000000607200000| Untracked 
|  19|0x0000000607400000, 0x0000000607400000, 0x0000000607600000|  0%| F|  |TAMS 0x0000000607400000, 0x0000000607400000| Untracked 
|  20|0x0000000607600000, 0x0000000607600000, 0x0000000607800000|  0%| F|  |TAMS 0x0000000607600000, 0x0000000607600000| Untracked 
|  21|0x0000000607800000, 0x0000000607800000, 0x0000000607a00000|  0%| F|  |TAMS 0x0000000607800000, 0x0000000607800000| Untracked 
|  22|0x0000000607a00000, 0x0000000607a00000, 0x0000000607c00000|  0%| F|  |TAMS 0x0000000607a00000, 0x0000000607a00000| Untracked 
|  23|0x0000000607c00000, 0x0000000607c00000, 0x0000000607e00000|  0%| F|  |TAMS 0x0000000607c00000, 0x0000000607c00000| Untracked 
|  24|0x0000000607e00000, 0x0000000607e00000, 0x0000000608000000|  0%| F|  |TAMS 0x0000000607e00000, 0x0000000607e00000| Untracked 
|  25|0x0000000608000000, 0x0000000608000000, 0x0000000608200000|  0%| F|  |TAMS 0x0000000608000000, 0x0000000608000000| Untracked 
|  26|0x0000000608200000, 0x0000000608200000, 0x0000000608400000|  0%| F|  |TAMS 0x0000000608200000, 0x0000000608200000| Untracked 
|  27|0x0000000608400000, 0x0000000608400000, 0x0000000608600000|  0%| F|  |TAMS 0x0000000608400000, 0x0000000608400000| Untracked 
|  28|0x0000000608600000, 0x0000000608600000, 0x0000000608800000|  0%| F|  |TAMS 0x0000000608600000, 0x0000000608600000| Untracked 
|  29|0x0000000608800000, 0x0000000608800000, 0x0000000608a00000|  0%| F|  |TAMS 0x0000000608800000, 0x0000000608800000| Untracked 
|  30|0x0000000608a00000, 0x0000000608a00000, 0x0000000608c00000|  0%| F|  |TAMS 0x0000000608a00000, 0x0000000608a00000| Untracked 
|  31|0x0000000608c00000, 0x0000000608c00000, 0x0000000608e00000|  0%| F|  |TAMS 0x0000000608c00000, 0x0000000608c00000| Untracked 
|  32|0x0000000608e00000, 0x0000000608e00000, 0x0000000609000000|  0%| F|  |TAMS 0x0000000608e00000, 0x0000000608e00000| Untracked 
|  33|0x0000000609000000, 0x0000000609000000, 0x0000000609200000|  0%| F|  |TAMS 0x0000000609000000, 0x0000000609000000| Untracked 
|  34|0x0000000609200000, 0x0000000609200000, 0x0000000609400000|  0%| F|  |TAMS 0x0000000609200000, 0x0000000609200000| Untracked 
|  35|0x0000000609400000, 0x0000000609400000, 0x0000000609600000|  0%| F|  |TAMS 0x0000000609400000, 0x0000000609400000| Untracked 
|  36|0x0000000609600000, 0x0000000609600000, 0x0000000609800000|  0%| F|  |TAMS 0x0000000609600000, 0x0000000609600000| Untracked 
|  37|0x0000000609800000, 0x0000000609800000, 0x0000000609a00000|  0%| F|  |TAMS 0x0000000609800000, 0x0000000609800000| Untracked 
|  38|0x0000000609a00000, 0x0000000609a00000, 0x0000000609c00000|  0%| F|  |TAMS 0x0000000609a00000, 0x0000000609a00000| Untracked 
|  39|0x0000000609c00000, 0x0000000609c00000, 0x0000000609e00000|  0%| F|  |TAMS 0x0000000609c00000, 0x0000000609c00000| Untracked 
|  40|0x0000000609e00000, 0x0000000609e00000, 0x000000060a000000|  0%| F|  |TAMS 0x0000000609e00000, 0x0000000609e00000| Untracked 
|  41|0x000000060a000000, 0x000000060a000000, 0x000000060a200000|  0%| F|  |TAMS 0x000000060a000000, 0x000000060a000000| Untracked 
|  42|0x000000060a200000, 0x000000060a200000, 0x000000060a400000|  0%| F|  |TAMS 0x000000060a200000, 0x000000060a200000| Untracked 
|  43|0x000000060a400000, 0x000000060a400000, 0x000000060a600000|  0%| F|  |TAMS 0x000000060a400000, 0x000000060a400000| Untracked 
|  44|0x000000060a600000, 0x000000060a600000, 0x000000060a800000|  0%| F|  |TAMS 0x000000060a600000, 0x000000060a600000| Untracked 
|  45|0x000000060a800000, 0x000000060a800000, 0x000000060aa00000|  0%| F|  |TAMS 0x000000060a800000, 0x000000060a800000| Untracked 
|  46|0x000000060aa00000, 0x000000060aa00000, 0x000000060ac00000|  0%| F|  |TAMS 0x000000060aa00000, 0x000000060aa00000| Untracked 
|  47|0x000000060ac00000, 0x000000060ac00000, 0x000000060ae00000|  0%| F|  |TAMS 0x000000060ac00000, 0x000000060ac00000| Untracked 
|  48|0x000000060ae00000, 0x000000060ae00000, 0x000000060b000000|  0%| F|  |TAMS 0x000000060ae00000, 0x000000060ae00000| Untracked 
|  49|0x000000060b000000, 0x000000060b000000, 0x000000060b200000|  0%| F|  |TAMS 0x000000060b000000, 0x000000060b000000| Untracked 
|  50|0x000000060b200000, 0x000000060b200000, 0x000000060b400000|  0%| F|  |TAMS 0x000000060b200000, 0x000000060b200000| Untracked 
|  51|0x000000060b400000, 0x000000060b400000, 0x000000060b600000|  0%| F|  |TAMS 0x000000060b400000, 0x000000060b400000| Untracked 
|  52|0x000000060b600000, 0x000000060b600000, 0x000000060b800000|  0%| F|  |TAMS 0x000000060b600000, 0x000000060b600000| Untracked 
|  53|0x000000060b800000, 0x000000060b800000, 0x000000060ba00000|  0%| F|  |TAMS 0x000000060b800000, 0x000000060b800000| Untracked 
|  54|0x000000060ba00000, 0x000000060ba00000, 0x000000060bc00000|  0%| F|  |TAMS 0x000000060ba00000, 0x000000060ba00000| Untracked 
|  55|0x000000060bc00000, 0x000000060bc00000, 0x000000060be00000|  0%| F|  |TAMS 0x000000060bc00000, 0x000000060bc00000| Untracked 
|  56|0x000000060be00000, 0x000000060be00000, 0x000000060c000000|  0%| F|  |TAMS 0x000000060be00000, 0x000000060be00000| Untracked 
|  57|0x000000060c000000, 0x000000060c000000, 0x000000060c200000|  0%| F|  |TAMS 0x000000060c000000, 0x000000060c000000| Untracked 
|  58|0x000000060c200000, 0x000000060c200000, 0x000000060c400000|  0%| F|  |TAMS 0x000000060c200000, 0x000000060c200000| Untracked 
|  59|0x000000060c400000, 0x000000060c400000, 0x000000060c600000|  0%| F|  |TAMS 0x000000060c400000, 0x000000060c400000| Untracked 
|  60|0x000000060c600000, 0x000000060c600000, 0x000000060c800000|  0%| F|  |TAMS 0x000000060c600000, 0x000000060c600000| Untracked 
|  61|0x000000060c800000, 0x000000060c800000, 0x000000060ca00000|  0%| F|  |TAMS 0x000000060c800000, 0x000000060c800000| Untracked 
|  62|0x000000060ca00000, 0x000000060ca00000, 0x000000060cc00000|  0%| F|  |TAMS 0x000000060ca00000, 0x000000060ca00000| Untracked 
|  63|0x000000060cc00000, 0x000000060cc00000, 0x000000060ce00000|  0%| F|  |TAMS 0x000000060cc00000, 0x000000060cc00000| Untracked 
|  64|0x000000060ce00000, 0x000000060ce00000, 0x000000060d000000|  0%| F|  |TAMS 0x000000060ce00000, 0x000000060ce00000| Untracked 
|  65|0x000000060d000000, 0x000000060d000000, 0x000000060d200000|  0%| F|  |TAMS 0x000000060d000000, 0x000000060d000000| Untracked 
|  66|0x000000060d200000, 0x000000060d200000, 0x000000060d400000|  0%| F|  |TAMS 0x000000060d200000, 0x000000060d200000| Untracked 
|  67|0x000000060d400000, 0x000000060d400000, 0x000000060d600000|  0%| F|  |TAMS 0x000000060d400000, 0x000000060d400000| Untracked 
|  68|0x000000060d600000, 0x000000060d600000, 0x000000060d800000|  0%| F|  |TAMS 0x000000060d600000, 0x000000060d600000| Untracked 
|  69|0x000000060d800000, 0x000000060d800000, 0x000000060da00000|  0%| F|  |TAMS 0x000000060d800000, 0x000000060d800000| Untracked 
|  70|0x000000060da00000, 0x000000060da00000, 0x000000060dc00000|  0%| F|  |TAMS 0x000000060da00000, 0x000000060da00000| Untracked 
|  71|0x000000060dc00000, 0x000000060dc00000, 0x000000060de00000|  0%| F|  |TAMS 0x000000060dc00000, 0x000000060dc00000| Untracked 
|  72|0x000000060de00000, 0x000000060de00000, 0x000000060e000000|  0%| F|  |TAMS 0x000000060de00000, 0x000000060de00000| Untracked 
|  73|0x000000060e000000, 0x000000060e000000, 0x000000060e200000|  0%| F|  |TAMS 0x000000060e000000, 0x000000060e000000| Untracked 
|  74|0x000000060e200000, 0x000000060e200000, 0x000000060e400000|  0%| F|  |TAMS 0x000000060e200000, 0x000000060e200000| Untracked 
|  75|0x000000060e400000, 0x000000060e400000, 0x000000060e600000|  0%| F|  |TAMS 0x000000060e400000, 0x000000060e400000| Untracked 
|  76|0x000000060e600000, 0x000000060e600000, 0x000000060e800000|  0%| F|  |TAMS 0x000000060e600000, 0x000000060e600000| Untracked 
|  77|0x000000060e800000, 0x000000060e800000, 0x000000060ea00000|  0%| F|  |TAMS 0x000000060e800000, 0x000000060e800000| Untracked 
|  78|0x000000060ea00000, 0x000000060ea00000, 0x000000060ec00000|  0%| F|  |TAMS 0x000000060ea00000, 0x000000060ea00000| Untracked 
|  79|0x000000060ec00000, 0x000000060ec00000, 0x000000060ee00000|  0%| F|  |TAMS 0x000000060ec00000, 0x000000060ec00000| Untracked 
|  80|0x000000060ee00000, 0x000000060ee00000, 0x000000060f000000|  0%| F|  |TAMS 0x000000060ee00000, 0x000000060ee00000| Untracked 
|  81|0x000000060f000000, 0x000000060f000000, 0x000000060f200000|  0%| F|  |TAMS 0x000000060f000000, 0x000000060f000000| Untracked 
|  82|0x000000060f200000, 0x000000060f200000, 0x000000060f400000|  0%| F|  |TAMS 0x000000060f200000, 0x000000060f200000| Untracked 
|  83|0x000000060f400000, 0x000000060f400000, 0x000000060f600000|  0%| F|  |TAMS 0x000000060f400000, 0x000000060f400000| Untracked 
|  84|0x000000060f600000, 0x000000060f600000, 0x000000060f800000|  0%| F|  |TAMS 0x000000060f600000, 0x000000060f600000| Untracked 
|  85|0x000000060f800000, 0x000000060f800000, 0x000000060fa00000|  0%| F|  |TAMS 0x000000060f800000, 0x000000060f800000| Untracked 
|  86|0x000000060fa00000, 0x000000060fa00000, 0x000000060fc00000|  0%| F|  |TAMS 0x000000060fa00000, 0x000000060fa00000| Untracked 
|  87|0x000000060fc00000, 0x000000060fc00000, 0x000000060fe00000|  0%| F|  |TAMS 0x000000060fc00000, 0x000000060fc00000| Untracked 
|  88|0x000000060fe00000, 0x000000060fe00000, 0x0000000610000000|  0%| F|  |TAMS 0x000000060fe00000, 0x000000060fe00000| Untracked 
|  89|0x0000000610000000, 0x0000000610000000, 0x0000000610200000|  0%| F|  |TAMS 0x0000000610000000, 0x0000000610000000| Untracked 
|  90|0x0000000610200000, 0x0000000610200000, 0x0000000610400000|  0%| F|  |TAMS 0x0000000610200000, 0x0000000610200000| Untracked 
|  91|0x0000000610400000, 0x0000000610400000, 0x0000000610600000|  0%| F|  |TAMS 0x0000000610400000, 0x0000000610400000| Untracked 
|  92|0x0000000610600000, 0x0000000610600000, 0x0000000610800000|  0%| F|  |TAMS 0x0000000610600000, 0x0000000610600000| Untracked 
|  93|0x0000000610800000, 0x0000000610800000, 0x0000000610a00000|  0%| F|  |TAMS 0x0000000610800000, 0x0000000610800000| Untracked 
|  94|0x0000000610a00000, 0x0000000610a00000, 0x0000000610c00000|  0%| F|  |TAMS 0x0000000610a00000, 0x0000000610a00000| Untracked 
|  95|0x0000000610c00000, 0x0000000610c00000, 0x0000000610e00000|  0%| F|  |TAMS 0x0000000610c00000, 0x0000000610c00000| Untracked 
|  96|0x0000000610e00000, 0x0000000610e00000, 0x0000000611000000|  0%| F|  |TAMS 0x0000000610e00000, 0x0000000610e00000| Untracked 
|  97|0x0000000611000000, 0x0000000611000000, 0x0000000611200000|  0%| F|  |TAMS 0x0000000611000000, 0x0000000611000000| Untracked 
|  98|0x0000000611200000, 0x0000000611200000, 0x0000000611400000|  0%| F|  |TAMS 0x0000000611200000, 0x0000000611200000| Untracked 
|  99|0x0000000611400000, 0x0000000611400000, 0x0000000611600000|  0%| F|  |TAMS 0x0000000611400000, 0x0000000611400000| Untracked 
| 100|0x0000000611600000, 0x0000000611600000, 0x0000000611800000|  0%| F|  |TAMS 0x0000000611600000, 0x0000000611600000| Untracked 
| 101|0x0000000611800000, 0x0000000611800000, 0x0000000611a00000|  0%| F|  |TAMS 0x0000000611800000, 0x0000000611800000| Untracked 
| 102|0x0000000611a00000, 0x0000000611a00000, 0x0000000611c00000|  0%| F|  |TAMS 0x0000000611a00000, 0x0000000611a00000| Untracked 
| 103|0x0000000611c00000, 0x0000000611c00000, 0x0000000611e00000|  0%| F|  |TAMS 0x0000000611c00000, 0x0000000611c00000| Untracked 
| 104|0x0000000611e00000, 0x0000000611e00000, 0x0000000612000000|  0%| F|  |TAMS 0x0000000611e00000, 0x0000000611e00000| Untracked 
| 105|0x0000000612000000, 0x0000000612000000, 0x0000000612200000|  0%| F|  |TAMS 0x0000000612000000, 0x0000000612000000| Untracked 
| 106|0x0000000612200000, 0x0000000612200000, 0x0000000612400000|  0%| F|  |TAMS 0x0000000612200000, 0x0000000612200000| Untracked 
| 107|0x0000000612400000, 0x0000000612400000, 0x0000000612600000|  0%| F|  |TAMS 0x0000000612400000, 0x0000000612400000| Untracked 
| 108|0x0000000612600000, 0x0000000612600000, 0x0000000612800000|  0%| F|  |TAMS 0x0000000612600000, 0x0000000612600000| Untracked 
| 109|0x0000000612800000, 0x0000000612800000, 0x0000000612a00000|  0%| F|  |TAMS 0x0000000612800000, 0x0000000612800000| Untracked 
| 110|0x0000000612a00000, 0x0000000612a00000, 0x0000000612c00000|  0%| F|  |TAMS 0x0000000612a00000, 0x0000000612a00000| Untracked 
| 111|0x0000000612c00000, 0x0000000612c00000, 0x0000000612e00000|  0%| F|  |TAMS 0x0000000612c00000, 0x0000000612c00000| Untracked 
| 112|0x0000000612e00000, 0x0000000612e00000, 0x0000000613000000|  0%| F|  |TAMS 0x0000000612e00000, 0x0000000612e00000| Untracked 
| 113|0x0000000613000000, 0x0000000613000000, 0x0000000613200000|  0%| F|  |TAMS 0x0000000613000000, 0x0000000613000000| Untracked 
| 114|0x0000000613200000, 0x0000000613200000, 0x0000000613400000|  0%| F|  |TAMS 0x0000000613200000, 0x0000000613200000| Untracked 
| 115|0x0000000613400000, 0x0000000613400000, 0x0000000613600000|  0%| F|  |TAMS 0x0000000613400000, 0x0000000613400000| Untracked 
| 116|0x0000000613600000, 0x0000000613600000, 0x0000000613800000|  0%| F|  |TAMS 0x0000000613600000, 0x0000000613600000| Untracked 
| 117|0x0000000613800000, 0x0000000613800000, 0x0000000613a00000|  0%| F|  |TAMS 0x0000000613800000, 0x0000000613800000| Untracked 
| 118|0x0000000613a00000, 0x0000000613a00000, 0x0000000613c00000|  0%| F|  |TAMS 0x0000000613a00000, 0x0000000613a00000| Untracked 
| 119|0x0000000613c00000, 0x0000000613c00000, 0x0000000613e00000|  0%| F|  |TAMS 0x0000000613c00000, 0x0000000613c00000| Untracked 
| 120|0x0000000613e00000, 0x0000000613e00000, 0x0000000614000000|  0%| F|  |TAMS 0x0000000613e00000, 0x0000000613e00000| Untracked 
| 121|0x0000000614000000, 0x0000000614000000, 0x0000000614200000|  0%| F|  |TAMS 0x0000000614000000, 0x0000000614000000| Untracked 
| 122|0x0000000614200000, 0x0000000614200000, 0x0000000614400000|  0%| F|  |TAMS 0x0000000614200000, 0x0000000614200000| Untracked 
| 123|0x0000000614400000, 0x0000000614400000, 0x0000000614600000|  0%| F|  |TAMS 0x0000000614400000, 0x0000000614400000| Untracked 
| 124|0x0000000614600000, 0x0000000614600000, 0x0000000614800000|  0%| F|  |TAMS 0x0000000614600000, 0x0000000614600000| Untracked 
| 125|0x0000000614800000, 0x0000000614800000, 0x0000000614a00000|  0%| F|  |TAMS 0x0000000614800000, 0x0000000614800000| Untracked 
| 126|0x0000000614a00000, 0x0000000614a00000, 0x0000000614c00000|  0%| F|  |TAMS 0x0000000614a00000, 0x0000000614a00000| Untracked 
| 127|0x0000000614c00000, 0x0000000614c00000, 0x0000000614e00000|  0%| F|  |TAMS 0x0000000614c00000, 0x0000000614c00000| Untracked 
| 128|0x0000000614e00000, 0x0000000614e00000, 0x0000000615000000|  0%| F|  |TAMS 0x0000000614e00000, 0x0000000614e00000| Untracked 
| 129|0x0000000615000000, 0x0000000615000000, 0x0000000615200000|  0%| F|  |TAMS 0x0000000615000000, 0x0000000615000000| Untracked 
| 130|0x0000000615200000, 0x0000000615200000, 0x0000000615400000|  0%| F|  |TAMS 0x0000000615200000, 0x0000000615200000| Untracked 
| 131|0x0000000615400000, 0x0000000615400000, 0x0000000615600000|  0%| F|  |TAMS 0x0000000615400000, 0x0000000615400000| Untracked 
| 132|0x0000000615600000, 0x0000000615600000, 0x0000000615800000|  0%| F|  |TAMS 0x0000000615600000, 0x0000000615600000| Untracked 
| 133|0x0000000615800000, 0x0000000615800000, 0x0000000615a00000|  0%| F|  |TAMS 0x0000000615800000, 0x0000000615800000| Untracked 
| 134|0x0000000615a00000, 0x0000000615a00000, 0x0000000615c00000|  0%| F|  |TAMS 0x0000000615a00000, 0x0000000615a00000| Untracked 
| 135|0x0000000615c00000, 0x0000000615c00000, 0x0000000615e00000|  0%| F|  |TAMS 0x0000000615c00000, 0x0000000615c00000| Untracked 
| 136|0x0000000615e00000, 0x0000000615e00000, 0x0000000616000000|  0%| F|  |TAMS 0x0000000615e00000, 0x0000000615e00000| Untracked 
| 137|0x0000000616000000, 0x0000000616000000, 0x0000000616200000|  0%| F|  |TAMS 0x0000000616000000, 0x0000000616000000| Untracked 
| 138|0x0000000616200000, 0x0000000616200000, 0x0000000616400000|  0%| F|  |TAMS 0x0000000616200000, 0x0000000616200000| Untracked 
| 139|0x0000000616400000, 0x0000000616400000, 0x0000000616600000|  0%| F|  |TAMS 0x0000000616400000, 0x0000000616400000| Untracked 
| 140|0x0000000616600000, 0x0000000616600000, 0x0000000616800000|  0%| F|  |TAMS 0x0000000616600000, 0x0000000616600000| Untracked 
| 141|0x0000000616800000, 0x0000000616800000, 0x0000000616a00000|  0%| F|  |TAMS 0x0000000616800000, 0x0000000616800000| Untracked 
| 142|0x0000000616a00000, 0x0000000616a00000, 0x0000000616c00000|  0%| F|  |TAMS 0x0000000616a00000, 0x0000000616a00000| Untracked 
| 143|0x0000000616c00000, 0x0000000616c00000, 0x0000000616e00000|  0%| F|  |TAMS 0x0000000616c00000, 0x0000000616c00000| Untracked 
| 144|0x0000000616e00000, 0x0000000616e00000, 0x0000000617000000|  0%| F|  |TAMS 0x0000000616e00000, 0x0000000616e00000| Untracked 
| 145|0x0000000617000000, 0x0000000617000000, 0x0000000617200000|  0%| F|  |TAMS 0x0000000617000000, 0x0000000617000000| Untracked 
| 146|0x0000000617200000, 0x0000000617200000, 0x0000000617400000|  0%| F|  |TAMS 0x0000000617200000, 0x0000000617200000| Untracked 
| 147|0x0000000617400000, 0x0000000617400000, 0x0000000617600000|  0%| F|  |TAMS 0x0000000617400000, 0x0000000617400000| Untracked 
| 148|0x0000000617600000, 0x0000000617600000, 0x0000000617800000|  0%| F|  |TAMS 0x0000000617600000, 0x0000000617600000| Untracked 
| 149|0x0000000617800000, 0x0000000617800000, 0x0000000617a00000|  0%| F|  |TAMS 0x0000000617800000, 0x0000000617800000| Untracked 
| 150|0x0000000617a00000, 0x0000000617a00000, 0x0000000617c00000|  0%| F|  |TAMS 0x0000000617a00000, 0x0000000617a00000| Untracked 
| 151|0x0000000617c00000, 0x0000000617c00000, 0x0000000617e00000|  0%| F|  |TAMS 0x0000000617c00000, 0x0000000617c00000| Untracked 
| 152|0x0000000617e00000, 0x0000000617e00000, 0x0000000618000000|  0%| F|  |TAMS 0x0000000617e00000, 0x0000000617e00000| Untracked 
| 153|0x0000000618000000, 0x0000000618000000, 0x0000000618200000|  0%| F|  |TAMS 0x0000000618000000, 0x0000000618000000| Untracked 
| 154|0x0000000618200000, 0x0000000618200000, 0x0000000618400000|  0%| F|  |TAMS 0x0000000618200000, 0x0000000618200000| Untracked 
| 155|0x0000000618400000, 0x0000000618400000, 0x0000000618600000|  0%| F|  |TAMS 0x0000000618400000, 0x0000000618400000| Untracked 
| 156|0x0000000618600000, 0x0000000618600000, 0x0000000618800000|  0%| F|  |TAMS 0x0000000618600000, 0x0000000618600000| Untracked 
| 157|0x0000000618800000, 0x0000000618800000, 0x0000000618a00000|  0%| F|  |TAMS 0x0000000618800000, 0x0000000618800000| Untracked 
| 158|0x0000000618a00000, 0x0000000618a00000, 0x0000000618c00000|  0%| F|  |TAMS 0x0000000618a00000, 0x0000000618a00000| Untracked 
| 159|0x0000000618c00000, 0x0000000618c00000, 0x0000000618e00000|  0%| F|  |TAMS 0x0000000618c00000, 0x0000000618c00000| Untracked 
| 160|0x0000000618e00000, 0x0000000618e00000, 0x0000000619000000|  0%| F|  |TAMS 0x0000000618e00000, 0x0000000618e00000| Untracked 
| 161|0x0000000619000000, 0x0000000619000000, 0x0000000619200000|  0%| F|  |TAMS 0x0000000619000000, 0x0000000619000000| Untracked 
| 162|0x0000000619200000, 0x0000000619200000, 0x0000000619400000|  0%| F|  |TAMS 0x0000000619200000, 0x0000000619200000| Untracked 
| 163|0x0000000619400000, 0x0000000619400000, 0x0000000619600000|  0%| F|  |TAMS 0x0000000619400000, 0x0000000619400000| Untracked 
| 164|0x0000000619600000, 0x0000000619600000, 0x0000000619800000|  0%| F|  |TAMS 0x0000000619600000, 0x0000000619600000| Untracked 
| 165|0x0000000619800000, 0x0000000619800000, 0x0000000619a00000|  0%| F|  |TAMS 0x0000000619800000, 0x0000000619800000| Untracked 
| 166|0x0000000619a00000, 0x0000000619ae32c0, 0x0000000619c00000| 44%| S|CS|TAMS 0x0000000619a00000, 0x0000000619a00000| Complete 
| 167|0x0000000619c00000, 0x0000000619e00000, 0x0000000619e00000|100%| S|CS|TAMS 0x0000000619c00000, 0x0000000619c00000| Complete 
| 168|0x0000000619e00000, 0x000000061a000000, 0x000000061a000000|100%| S|CS|TAMS 0x0000000619e00000, 0x0000000619e00000| Complete 
| 169|0x000000061a000000, 0x000000061a200000, 0x000000061a200000|100%| S|CS|TAMS 0x000000061a000000, 0x000000061a000000| Complete 
| 170|0x000000061a200000, 0x000000061a400000, 0x000000061a400000|100%| S|CS|TAMS 0x000000061a200000, 0x000000061a200000| Complete 
| 171|0x000000061a400000, 0x000000061a600000, 0x000000061a600000|100%| S|CS|TAMS 0x000000061a400000, 0x000000061a400000| Complete 
| 172|0x000000061a600000, 0x000000061a800000, 0x000000061a800000|100%| S|CS|TAMS 0x000000061a600000, 0x000000061a600000| Complete 
| 173|0x000000061a800000, 0x000000061aa00000, 0x000000061aa00000|100%| S|CS|TAMS 0x000000061a800000, 0x000000061a800000| Complete 
| 174|0x000000061aa00000, 0x000000061aa00000, 0x000000061ac00000|  0%| F|  |TAMS 0x000000061aa00000, 0x000000061aa00000| Untracked 
| 175|0x000000061ac00000, 0x000000061ac00000, 0x000000061ae00000|  0%| F|  |TAMS 0x000000061ac00000, 0x000000061ac00000| Untracked 
| 176|0x000000061ae00000, 0x000000061ae00000, 0x000000061b000000|  0%| F|  |TAMS 0x000000061ae00000, 0x000000061ae00000| Untracked 
| 177|0x000000061b000000, 0x000000061b000000, 0x000000061b200000|  0%| F|  |TAMS 0x000000061b000000, 0x000000061b000000| Untracked 
| 178|0x000000061b200000, 0x000000061b200000, 0x000000061b400000|  0%| F|  |TAMS 0x000000061b200000, 0x000000061b200000| Untracked 
| 179|0x000000061b400000, 0x000000061b400000, 0x000000061b600000|  0%| F|  |TAMS 0x000000061b400000, 0x000000061b400000| Untracked 
| 180|0x000000061b600000, 0x000000061b600000, 0x000000061b800000|  0%| F|  |TAMS 0x000000061b600000, 0x000000061b600000| Untracked 
| 181|0x000000061b800000, 0x000000061b800000, 0x000000061ba00000|  0%| F|  |TAMS 0x000000061b800000, 0x000000061b800000| Untracked 
| 182|0x000000061ba00000, 0x000000061ba00000, 0x000000061bc00000|  0%| F|  |TAMS 0x000000061ba00000, 0x000000061ba00000| Untracked 
| 183|0x000000061bc00000, 0x000000061bc00000, 0x000000061be00000|  0%| F|  |TAMS 0x000000061bc00000, 0x000000061bc00000| Untracked 
| 184|0x000000061be00000, 0x000000061be00000, 0x000000061c000000|  0%| F|  |TAMS 0x000000061be00000, 0x000000061be00000| Untracked 
| 185|0x000000061c000000, 0x000000061c000000, 0x000000061c200000|  0%| F|  |TAMS 0x000000061c000000, 0x000000061c000000| Untracked 
| 186|0x000000061c200000, 0x000000061c200000, 0x000000061c400000|  0%| F|  |TAMS 0x000000061c200000, 0x000000061c200000| Untracked 
| 187|0x000000061c400000, 0x000000061c400000, 0x000000061c600000|  0%| F|  |TAMS 0x000000061c400000, 0x000000061c400000| Untracked 
| 188|0x000000061c600000, 0x000000061c600000, 0x000000061c800000|  0%| F|  |TAMS 0x000000061c600000, 0x000000061c600000| Untracked 
| 189|0x000000061c800000, 0x000000061c800000, 0x000000061ca00000|  0%| F|  |TAMS 0x000000061c800000, 0x000000061c800000| Untracked 
| 190|0x000000061ca00000, 0x000000061ca00000, 0x000000061cc00000|  0%| F|  |TAMS 0x000000061ca00000, 0x000000061ca00000| Untracked 
| 191|0x000000061cc00000, 0x000000061cc00000, 0x000000061ce00000|  0%| F|  |TAMS 0x000000061cc00000, 0x000000061cc00000| Untracked 
| 192|0x000000061ce00000, 0x000000061ce00000, 0x000000061d000000|  0%| F|  |TAMS 0x000000061ce00000, 0x000000061ce00000| Untracked 
| 193|0x000000061d000000, 0x000000061d000000, 0x000000061d200000|  0%| F|  |TAMS 0x000000061d000000, 0x000000061d000000| Untracked 
| 194|0x000000061d200000, 0x000000061d200000, 0x000000061d400000|  0%| F|  |TAMS 0x000000061d200000, 0x000000061d200000| Untracked 
| 195|0x000000061d400000, 0x000000061d400000, 0x000000061d600000|  0%| F|  |TAMS 0x000000061d400000, 0x000000061d400000| Untracked 
| 196|0x000000061d600000, 0x000000061d600000, 0x000000061d800000|  0%| F|  |TAMS 0x000000061d600000, 0x000000061d600000| Untracked 
| 197|0x000000061d800000, 0x000000061d800000, 0x000000061da00000|  0%| F|  |TAMS 0x000000061d800000, 0x000000061d800000| Untracked 
| 198|0x000000061da00000, 0x000000061da00000, 0x000000061dc00000|  0%| F|  |TAMS 0x000000061da00000, 0x000000061da00000| Untracked 
| 199|0x000000061dc00000, 0x000000061dc00000, 0x000000061de00000|  0%| F|  |TAMS 0x000000061dc00000, 0x000000061dc00000| Untracked 
| 200|0x000000061de00000, 0x000000061de00000, 0x000000061e000000|  0%| F|  |TAMS 0x000000061de00000, 0x000000061de00000| Untracked 
| 201|0x000000061e000000, 0x000000061e000000, 0x000000061e200000|  0%| F|  |TAMS 0x000000061e000000, 0x000000061e000000| Untracked 
| 202|0x000000061e200000, 0x000000061e200000, 0x000000061e400000|  0%| F|  |TAMS 0x000000061e200000, 0x000000061e200000| Untracked 
| 203|0x000000061e400000, 0x000000061e400000, 0x000000061e600000|  0%| F|  |TAMS 0x000000061e400000, 0x000000061e400000| Untracked 
| 204|0x000000061e600000, 0x000000061e600000, 0x000000061e800000|  0%| F|  |TAMS 0x000000061e600000, 0x000000061e600000| Untracked 
| 205|0x000000061e800000, 0x000000061e800000, 0x000000061ea00000|  0%| F|  |TAMS 0x000000061e800000, 0x000000061e800000| Untracked 
| 206|0x000000061ea00000, 0x000000061ea00000, 0x000000061ec00000|  0%| F|  |TAMS 0x000000061ea00000, 0x000000061ea00000| Untracked 
| 207|0x000000061ec00000, 0x000000061ec00000, 0x000000061ee00000|  0%| F|  |TAMS 0x000000061ec00000, 0x000000061ec00000| Untracked 
| 208|0x000000061ee00000, 0x000000061ee00000, 0x000000061f000000|  0%| F|  |TAMS 0x000000061ee00000, 0x000000061ee00000| Untracked 
| 209|0x000000061f000000, 0x000000061f000000, 0x000000061f200000|  0%| F|  |TAMS 0x000000061f000000, 0x000000061f000000| Untracked 
| 210|0x000000061f200000, 0x000000061f200000, 0x000000061f400000|  0%| F|  |TAMS 0x000000061f200000, 0x000000061f200000| Untracked 
| 211|0x000000061f400000, 0x000000061f400000, 0x000000061f600000|  0%| F|  |TAMS 0x000000061f400000, 0x000000061f400000| Untracked 
| 212|0x000000061f600000, 0x000000061f600000, 0x000000061f800000|  0%| F|  |TAMS 0x000000061f600000, 0x000000061f600000| Untracked 
| 213|0x000000061f800000, 0x000000061f800000, 0x000000061fa00000|  0%| F|  |TAMS 0x000000061f800000, 0x000000061f800000| Untracked 
| 214|0x000000061fa00000, 0x000000061fa00000, 0x000000061fc00000|  0%| F|  |TAMS 0x000000061fa00000, 0x000000061fa00000| Untracked 
| 215|0x000000061fc00000, 0x000000061fc00000, 0x000000061fe00000|  0%| F|  |TAMS 0x000000061fc00000, 0x000000061fc00000| Untracked 
| 216|0x000000061fe00000, 0x000000061fe00000, 0x0000000620000000|  0%| F|  |TAMS 0x000000061fe00000, 0x000000061fe00000| Untracked 
| 217|0x0000000620000000, 0x0000000620000000, 0x0000000620200000|  0%| F|  |TAMS 0x0000000620000000, 0x0000000620000000| Untracked 
| 218|0x0000000620200000, 0x0000000620200000, 0x0000000620400000|  0%| F|  |TAMS 0x0000000620200000, 0x0000000620200000| Untracked 
| 219|0x0000000620400000, 0x0000000620400000, 0x0000000620600000|  0%| F|  |TAMS 0x0000000620400000, 0x0000000620400000| Untracked 
| 220|0x0000000620600000, 0x0000000620600000, 0x0000000620800000|  0%| F|  |TAMS 0x0000000620600000, 0x0000000620600000| Untracked 
| 221|0x0000000620800000, 0x0000000620800000, 0x0000000620a00000|  0%| F|  |TAMS 0x0000000620800000, 0x0000000620800000| Untracked 
| 222|0x0000000620a00000, 0x0000000620a00000, 0x0000000620c00000|  0%| F|  |TAMS 0x0000000620a00000, 0x0000000620a00000| Untracked 
| 223|0x0000000620c00000, 0x0000000620c00000, 0x0000000620e00000|  0%| F|  |TAMS 0x0000000620c00000, 0x0000000620c00000| Untracked 
| 224|0x0000000620e00000, 0x0000000620e00000, 0x0000000621000000|  0%| F|  |TAMS 0x0000000620e00000, 0x0000000620e00000| Untracked 
| 225|0x0000000621000000, 0x0000000621000000, 0x0000000621200000|  0%| F|  |TAMS 0x0000000621000000, 0x0000000621000000| Untracked 
| 226|0x0000000621200000, 0x0000000621200000, 0x0000000621400000|  0%| F|  |TAMS 0x0000000621200000, 0x0000000621200000| Untracked 
| 227|0x0000000621400000, 0x0000000621400000, 0x0000000621600000|  0%| F|  |TAMS 0x0000000621400000, 0x0000000621400000| Untracked 
| 228|0x0000000621600000, 0x0000000621600000, 0x0000000621800000|  0%| F|  |TAMS 0x0000000621600000, 0x0000000621600000| Untracked 
| 229|0x0000000621800000, 0x0000000621800000, 0x0000000621a00000|  0%| F|  |TAMS 0x0000000621800000, 0x0000000621800000| Untracked 
| 230|0x0000000621a00000, 0x0000000621a00000, 0x0000000621c00000|  0%| F|  |TAMS 0x0000000621a00000, 0x0000000621a00000| Untracked 
| 231|0x0000000621c00000, 0x0000000621c00000, 0x0000000621e00000|  0%| F|  |TAMS 0x0000000621c00000, 0x0000000621c00000| Untracked 
| 232|0x0000000621e00000, 0x0000000621e00000, 0x0000000622000000|  0%| F|  |TAMS 0x0000000621e00000, 0x0000000621e00000| Untracked 
| 233|0x0000000622000000, 0x0000000622000000, 0x0000000622200000|  0%| F|  |TAMS 0x0000000622000000, 0x0000000622000000| Untracked 
| 234|0x0000000622200000, 0x0000000622200000, 0x0000000622400000|  0%| F|  |TAMS 0x0000000622200000, 0x0000000622200000| Untracked 
| 235|0x0000000622400000, 0x0000000622400000, 0x0000000622600000|  0%| F|  |TAMS 0x0000000622400000, 0x0000000622400000| Untracked 
| 236|0x0000000622600000, 0x0000000622600000, 0x0000000622800000|  0%| F|  |TAMS 0x0000000622600000, 0x0000000622600000| Untracked 
| 237|0x0000000622800000, 0x0000000622800000, 0x0000000622a00000|  0%| F|  |TAMS 0x0000000622800000, 0x0000000622800000| Untracked 
| 238|0x0000000622a00000, 0x0000000622a00000, 0x0000000622c00000|  0%| F|  |TAMS 0x0000000622a00000, 0x0000000622a00000| Untracked 
| 239|0x0000000622c00000, 0x0000000622c00000, 0x0000000622e00000|  0%| F|  |TAMS 0x0000000622c00000, 0x0000000622c00000| Untracked 
| 240|0x0000000622e00000, 0x0000000622e00000, 0x0000000623000000|  0%| F|  |TAMS 0x0000000622e00000, 0x0000000622e00000| Untracked 
| 241|0x0000000623000000, 0x0000000623000000, 0x0000000623200000|  0%| F|  |TAMS 0x0000000623000000, 0x0000000623000000| Untracked 
| 242|0x0000000623200000, 0x0000000623200000, 0x0000000623400000|  0%| F|  |TAMS 0x0000000623200000, 0x0000000623200000| Untracked 
| 243|0x0000000623400000, 0x0000000623400000, 0x0000000623600000|  0%| F|  |TAMS 0x0000000623400000, 0x0000000623400000| Untracked 
| 244|0x0000000623600000, 0x0000000623600000, 0x0000000623800000|  0%| F|  |TAMS 0x0000000623600000, 0x0000000623600000| Untracked 
| 245|0x0000000623800000, 0x0000000623800000, 0x0000000623a00000|  0%| F|  |TAMS 0x0000000623800000, 0x0000000623800000| Untracked 
| 246|0x0000000623a00000, 0x0000000623a00000, 0x0000000623c00000|  0%| F|  |TAMS 0x0000000623a00000, 0x0000000623a00000| Untracked 
| 247|0x0000000623c00000, 0x0000000623c00000, 0x0000000623e00000|  0%| F|  |TAMS 0x0000000623c00000, 0x0000000623c00000| Untracked 
| 248|0x0000000623e00000, 0x0000000623e00000, 0x0000000624000000|  0%| F|  |TAMS 0x0000000623e00000, 0x0000000623e00000| Untracked 
| 249|0x0000000624000000, 0x0000000624000000, 0x0000000624200000|  0%| F|  |TAMS 0x0000000624000000, 0x0000000624000000| Untracked 
| 250|0x0000000624200000, 0x0000000624200000, 0x0000000624400000|  0%| F|  |TAMS 0x0000000624200000, 0x0000000624200000| Untracked 
| 251|0x0000000624400000, 0x0000000624400000, 0x0000000624600000|  0%| F|  |TAMS 0x0000000624400000, 0x0000000624400000| Untracked 
| 252|0x0000000624600000, 0x0000000624600000, 0x0000000624800000|  0%| F|  |TAMS 0x0000000624600000, 0x0000000624600000| Untracked 
| 253|0x0000000624800000, 0x0000000624800000, 0x0000000624a00000|  0%| F|  |TAMS 0x0000000624800000, 0x0000000624800000| Untracked 
| 254|0x0000000624a00000, 0x0000000624a00000, 0x0000000624c00000|  0%| F|  |TAMS 0x0000000624a00000, 0x0000000624a00000| Untracked 
| 255|0x0000000624c00000, 0x0000000624c00000, 0x0000000624e00000|  0%| F|  |TAMS 0x0000000624c00000, 0x0000000624c00000| Untracked 
| 256|0x0000000624e00000, 0x0000000624e00000, 0x0000000625000000|  0%| F|  |TAMS 0x0000000624e00000, 0x0000000624e00000| Untracked 
| 257|0x0000000625000000, 0x0000000625000000, 0x0000000625200000|  0%| F|  |TAMS 0x0000000625000000, 0x0000000625000000| Untracked 
| 258|0x0000000625200000, 0x0000000625200000, 0x0000000625400000|  0%| F|  |TAMS 0x0000000625200000, 0x0000000625200000| Untracked 
| 259|0x0000000625400000, 0x0000000625400000, 0x0000000625600000|  0%| F|  |TAMS 0x0000000625400000, 0x0000000625400000| Untracked 
| 260|0x0000000625600000, 0x0000000625600000, 0x0000000625800000|  0%| F|  |TAMS 0x0000000625600000, 0x0000000625600000| Untracked 
| 261|0x0000000625800000, 0x0000000625800000, 0x0000000625a00000|  0%| F|  |TAMS 0x0000000625800000, 0x0000000625800000| Untracked 
| 262|0x0000000625a00000, 0x0000000625a00000, 0x0000000625c00000|  0%| F|  |TAMS 0x0000000625a00000, 0x0000000625a00000| Untracked 
| 263|0x0000000625c00000, 0x0000000625c00000, 0x0000000625e00000|  0%| F|  |TAMS 0x0000000625c00000, 0x0000000625c00000| Untracked 
| 264|0x0000000625e00000, 0x0000000625e00000, 0x0000000626000000|  0%| F|  |TAMS 0x0000000625e00000, 0x0000000625e00000| Untracked 
| 265|0x0000000626000000, 0x0000000626000000, 0x0000000626200000|  0%| F|  |TAMS 0x0000000626000000, 0x0000000626000000| Untracked 
| 266|0x0000000626200000, 0x0000000626200000, 0x0000000626400000|  0%| F|  |TAMS 0x0000000626200000, 0x0000000626200000| Untracked 
| 267|0x0000000626400000, 0x0000000626400000, 0x0000000626600000|  0%| F|  |TAMS 0x0000000626400000, 0x0000000626400000| Untracked 
| 268|0x0000000626600000, 0x0000000626600000, 0x0000000626800000|  0%| F|  |TAMS 0x0000000626600000, 0x0000000626600000| Untracked 
| 269|0x0000000626800000, 0x0000000626800000, 0x0000000626a00000|  0%| F|  |TAMS 0x0000000626800000, 0x0000000626800000| Untracked 
| 270|0x0000000626a00000, 0x0000000626a00000, 0x0000000626c00000|  0%| F|  |TAMS 0x0000000626a00000, 0x0000000626a00000| Untracked 
| 271|0x0000000626c00000, 0x0000000626c00000, 0x0000000626e00000|  0%| F|  |TAMS 0x0000000626c00000, 0x0000000626c00000| Untracked 
| 272|0x0000000626e00000, 0x0000000626e00000, 0x0000000627000000|  0%| F|  |TAMS 0x0000000626e00000, 0x0000000626e00000| Untracked 
| 273|0x0000000627000000, 0x0000000627000000, 0x0000000627200000|  0%| F|  |TAMS 0x0000000627000000, 0x0000000627000000| Untracked 
| 274|0x0000000627200000, 0x0000000627200000, 0x0000000627400000|  0%| F|  |TAMS 0x0000000627200000, 0x0000000627200000| Untracked 
| 275|0x0000000627400000, 0x0000000627400000, 0x0000000627600000|  0%| F|  |TAMS 0x0000000627400000, 0x0000000627400000| Untracked 
| 276|0x0000000627600000, 0x0000000627600000, 0x0000000627800000|  0%| F|  |TAMS 0x0000000627600000, 0x0000000627600000| Untracked 
| 277|0x0000000627800000, 0x0000000627800000, 0x0000000627a00000|  0%| F|  |TAMS 0x0000000627800000, 0x0000000627800000| Untracked 
| 278|0x0000000627a00000, 0x0000000627a00000, 0x0000000627c00000|  0%| F|  |TAMS 0x0000000627a00000, 0x0000000627a00000| Untracked 
| 279|0x0000000627c00000, 0x0000000627c00000, 0x0000000627e00000|  0%| F|  |TAMS 0x0000000627c00000, 0x0000000627c00000| Untracked 
| 280|0x0000000627e00000, 0x0000000627e00000, 0x0000000628000000|  0%| F|  |TAMS 0x0000000627e00000, 0x0000000627e00000| Untracked 
| 281|0x0000000628000000, 0x0000000628000000, 0x0000000628200000|  0%| F|  |TAMS 0x0000000628000000, 0x0000000628000000| Untracked 
| 282|0x0000000628200000, 0x0000000628200000, 0x0000000628400000|  0%| F|  |TAMS 0x0000000628200000, 0x0000000628200000| Untracked 
| 283|0x0000000628400000, 0x0000000628400000, 0x0000000628600000|  0%| F|  |TAMS 0x0000000628400000, 0x0000000628400000| Untracked 
| 284|0x0000000628600000, 0x0000000628600000, 0x0000000628800000|  0%| F|  |TAMS 0x0000000628600000, 0x0000000628600000| Untracked 
| 285|0x0000000628800000, 0x0000000628800000, 0x0000000628a00000|  0%| F|  |TAMS 0x0000000628800000, 0x0000000628800000| Untracked 
| 286|0x0000000628a00000, 0x0000000628a00000, 0x0000000628c00000|  0%| F|  |TAMS 0x0000000628a00000, 0x0000000628a00000| Untracked 
| 287|0x0000000628c00000, 0x0000000628c00000, 0x0000000628e00000|  0%| F|  |TAMS 0x0000000628c00000, 0x0000000628c00000| Untracked 
| 288|0x0000000628e00000, 0x0000000628e00000, 0x0000000629000000|  0%| F|  |TAMS 0x0000000628e00000, 0x0000000628e00000| Untracked 
| 289|0x0000000629000000, 0x0000000629000000, 0x0000000629200000|  0%| F|  |TAMS 0x0000000629000000, 0x0000000629000000| Untracked 
| 290|0x0000000629200000, 0x0000000629200000, 0x0000000629400000|  0%| F|  |TAMS 0x0000000629200000, 0x0000000629200000| Untracked 
| 291|0x0000000629400000, 0x0000000629400000, 0x0000000629600000|  0%| F|  |TAMS 0x0000000629400000, 0x0000000629400000| Untracked 
| 292|0x0000000629600000, 0x0000000629600000, 0x0000000629800000|  0%| F|  |TAMS 0x0000000629600000, 0x0000000629600000| Untracked 
| 293|0x0000000629800000, 0x0000000629800000, 0x0000000629a00000|  0%| F|  |TAMS 0x0000000629800000, 0x0000000629800000| Untracked 
| 294|0x0000000629a00000, 0x0000000629a00000, 0x0000000629c00000|  0%| F|  |TAMS 0x0000000629a00000, 0x0000000629a00000| Untracked 
| 295|0x0000000629c00000, 0x0000000629c00800, 0x0000000629e00000|  0%| E|  |TAMS 0x0000000629c00000, 0x0000000629c00000| Complete 
| 296|0x0000000629e00000, 0x000000062a000000, 0x000000062a000000|100%| E|CS|TAMS 0x0000000629e00000, 0x0000000629e00000| Complete 
| 297|0x000000062a000000, 0x000000062a200000, 0x000000062a200000|100%| E|CS|TAMS 0x000000062a000000, 0x000000062a000000| Complete 
| 298|0x000000062a200000, 0x000000062a400000, 0x000000062a400000|100%| E|CS|TAMS 0x000000062a200000, 0x000000062a200000| Complete 
| 299|0x000000062a400000, 0x000000062a600000, 0x000000062a600000|100%| E|CS|TAMS 0x000000062a400000, 0x000000062a400000| Complete 
| 300|0x000000062a600000, 0x000000062a800000, 0x000000062a800000|100%| E|CS|TAMS 0x000000062a600000, 0x000000062a600000| Complete 
| 301|0x000000062a800000, 0x000000062aa00000, 0x000000062aa00000|100%| E|CS|TAMS 0x000000062a800000, 0x000000062a800000| Complete 
| 302|0x000000062aa00000, 0x000000062ac00000, 0x000000062ac00000|100%| E|CS|TAMS 0x000000062aa00000, 0x000000062aa00000| Complete 
| 303|0x000000062ac00000, 0x000000062ae00000, 0x000000062ae00000|100%| E|CS|TAMS 0x000000062ac00000, 0x000000062ac00000| Complete 
| 304|0x000000062ae00000, 0x000000062b000000, 0x000000062b000000|100%| E|CS|TAMS 0x000000062ae00000, 0x000000062ae00000| Complete 

Card table byte_map: [0x000002a12a370000,0x000002a12b350000] _byte_map_base: 0x000002a127349000

Marking Bits (Prev, Next): (CMBitMap*) 0x000002a11289b198, (CMBitMap*) 0x000002a11289b1d0
 Prev Bits: [0x000002a12c330000, 0x000002a1341f8000)
 Next Bits: [0x000002a134200000, 0x000002a13c0c8000)

Polling page: 0x000002a111fa0000

Metaspace:

Usage:
  Non-class:     52.76 MB capacity,    51.80 MB ( 98%) used,   781.09 KB (  1%) free+waste,   199.19 KB ( <1%) overhead. 
      Class:      8.62 MB capacity,     7.96 MB ( 92%) used,   568.21 KB (  6%) free+waste,   100.50 KB (  1%) overhead. 
       Both:     61.38 MB capacity,    59.77 MB ( 97%) used,     1.32 MB (  2%) free+waste,   299.69 KB ( <1%) overhead. 

Virtual space:
  Non-class space:       54.00 MB reserved,      52.96 MB ( 98%) committed 
      Class space:        1.00 GB reserved,       8.72 MB ( <1%) committed 
             Both:        1.05 GB reserved,      61.69 MB (  6%) committed 

Chunk freelists:
   Non-Class:  0 bytes
       Class:  1.00 KB
        Both:  1.00 KB

CodeHeap 'non-profiled nmethods': size=238336Kb used=6718Kb max_used=6718Kb free=231617Kb
 bounds [0x000002a11a580000, 0x000002a11ac10000, 0x000002a128e40000]
CodeHeap 'non-nmethods': size=7424Kb used=1249Kb max_used=1249Kb free=6175Kb
 bounds [0x000002a119e40000, 0x000002a11a0b0000, 0x000002a11a580000]
 total_blobs=5026 nmethods=4410 adapters=541
 compilation: enabled
              stopped_count=0, restarted_count=0
 full_count=0

Compilation events (10 events):
Event: 3.703 Thread 0x000002a13f077000 4224       1       java.util.stream.ReferencePipeline::flatMap (30 bytes)
Event: 3.703 Thread 0x000002a13f077000 nmethod 4224 0x000002a11abd7d90 code [0x000002a11abd7f40, 0x000002a11abd8258]
Event: 3.703 Thread 0x000002a13f077000 4225       1       java.util.stream.ReferencePipeline$7::<init> (20 bytes)
Event: 3.704 Thread 0x000002a13f077000 nmethod 4225 0x000002a11abd8390 code [0x000002a11abd8540, 0x000002a11abd86e8]
Event: 3.704 Thread 0x000002a13f077000 4226       1       java.util.stream.ReferencePipeline$7::opWrapSink (10 bytes)
Event: 3.704 Thread 0x000002a13f077000 nmethod 4226 0x000002a11abd8790 code [0x000002a11abd8940, 0x000002a11abd8c48]
Event: 3.704 Thread 0x000002a13f077000 4227       1       java.util.stream.ReferencePipeline$7$1::<init> (11 bytes)
Event: 3.704 Thread 0x000002a13f077000 nmethod 4227 0x000002a11abd8d90 code [0x000002a11abd8f40, 0x000002a11abd91e8]
Event: 3.704 Thread 0x000002a13f077000 4228       1       java.util.stream.ReferencePipeline$7$1::begin (13 bytes)
Event: 3.704 Thread 0x000002a13f077000 nmethod 4228 0x000002a11abd9310 code [0x000002a11abd94a0, 0x000002a11abd9588]

GC Heap History (10 events):
Event: 0.811 GC heap before
{Heap before GC invocations=0 (full 0):
 garbage-first heap   total 520192K, used 24576K [0x0000000604e00000, 0x0000000800000000)
  region size 2048K, 12 young (24576K), 0 survivors (0K)
 Metaspace       used 14192K, capacity 14503K, committed 14848K, reserved 1062912K
  class space    used 1525K, capacity 1688K, committed 1792K, reserved 1048576K
}
Event: 0.815 GC heap after
{Heap after GC invocations=1 (full 0):
 garbage-first heap   total 520192K, used 6151K [0x0000000604e00000, 0x0000000800000000)
  region size 2048K, 2 young (4096K), 2 survivors (4096K)
 Metaspace       used 14192K, capacity 14503K, committed 14848K, reserved 1062912K
  class space    used 1525K, capacity 1688K, committed 1792K, reserved 1048576K
}
Event: 1.055 GC heap before
{Heap before GC invocations=1 (full 0):
 garbage-first heap   total 520192K, used 47111K [0x0000000604e00000, 0x0000000800000000)
  region size 2048K, 23 young (47104K), 2 survivors (4096K)
 Metaspace       used 20466K, capacity 21137K, committed 21248K, reserved 1067008K
  class space    used 2442K, capacity 2738K, committed 2816K, reserved 1048576K
}
Event: 1.059 GC heap after
{Heap after GC invocations=2 (full 0):
 garbage-first heap   total 520192K, used 8828K [0x0000000604e00000, 0x0000000800000000)
  region size 2048K, 4 young (8192K), 4 survivors (8192K)
 Metaspace       used 20466K, capacity 21137K, committed 21248K, reserved 1067008K
  class space    used 2442K, capacity 2738K, committed 2816K, reserved 1048576K
}
Event: 1.324 GC heap before
{Heap before GC invocations=3 (full 0):
 garbage-first heap   total 520192K, used 62076K [0x0000000604e00000, 0x0000000800000000)
  region size 2048K, 30 young (61440K), 4 survivors (8192K)
 Metaspace       used 26595K, capacity 27518K, committed 27776K, reserved 1073152K
  class space    used 3238K, capacity 3594K, committed 3712K, reserved 1048576K
}
Event: 1.328 GC heap after
{Heap after GC invocations=4 (full 0):
 garbage-first heap   total 520192K, used 10889K [0x0000000604e00000, 0x0000000800000000)
  region size 2048K, 3 young (6144K), 3 survivors (6144K)
 Metaspace       used 26595K, capacity 27518K, committed 27776K, reserved 1073152K
  class space    used 3238K, capacity 3594K, committed 3712K, reserved 1048576K
}
Event: 2.069 GC heap before
{Heap before GC invocations=4 (full 0):
 garbage-first heap   total 520192K, used 86665K [0x0000000604e00000, 0x0000000800000000)
  region size 2048K, 41 young (83968K), 3 survivors (6144K)
 Metaspace       used 34485K, capacity 35688K, committed 35840K, reserved 1081344K
  class space    used 4361K, capacity 4845K, committed 4864K, reserved 1048576K
}
Event: 2.078 GC heap after
{Heap after GC invocations=5 (full 0):
 garbage-first heap   total 520192K, used 14411K [0x0000000604e00000, 0x0000000800000000)
  region size 2048K, 4 young (8192K), 4 survivors (8192K)
 Metaspace       used 34485K, capacity 35688K, committed 35840K, reserved 1081344K
  class space    used 4361K, capacity 4845K, committed 4864K, reserved 1048576K
}
Event: 3.658 GC heap before
{Heap before GC invocations=6 (full 0):
 garbage-first heap   total 520192K, used 168011K [0x0000000604e00000, 0x0000000800000000)
  region size 2048K, 80 young (163840K), 4 survivors (8192K)
 Metaspace       used 58384K, capacity 59895K, committed 59948K, reserved 1101824K
  class space    used 7794K, capacity 8395K, committed 8448K, reserved 1048576K
}
Event: 3.682 GC heap after
{Heap after GC invocations=7 (full 0):
 garbage-first heap   total 624640K, used 21840K [0x0000000604e00000, 0x0000000800000000)
  region size 2048K, 8 young (16384K), 8 survivors (16384K)
 Metaspace       used 58384K, capacity 59895K, committed 59948K, reserved 1101824K
  class space    used 7794K, capacity 8395K, committed 8448K, reserved 1048576K
}

Deoptimization events (0 events):
No events

Classes redefined (0 events):
No events

Internal exceptions (10 events):
Event: 3.070 Thread 0x000002a14178d000 Exception <a 'java/lang/NoSuchMethodError'{0x000000061d0fd578}: java.lang.invoke.DirectMethodHandle$Holder.newInvokeSpecial(Ljava/lang/Object;Ljava/lang/Object;ILjava/lang/Object;Ljava/lang/Object;)Ljava/lang/Object;> (0x000000061d0fd578) thrown at [./ope
Event: 3.409 Thread 0x000002a14178d000 Exception <a 'java/lang/NoSuchMethodError'{0x000000061bd14858}: java.lang.invoke.DirectMethodHandle$Holder.invokeInterface(Ljava/lang/Object;Ljava/lang/Object;)V> (0x000000061bd14858) thrown at [./open/src/hotspot/share/interpreter/linkResolver.cpp, line 
Event: 3.419 Thread 0x000002a14178d000 Exception <a 'java/lang/NoSuchMethodError'{0x000000061bdc0d60}: java.lang.invoke.DirectMethodHandle$Holder.invokeStaticInit(Ljava/lang/Object;Ljava/lang/Object;Ljava/lang/Object;Ljava/lang/Object;II)Ljava/lang/Object;> (0x000000061bdc0d60) thrown at [./op
Event: 3.646 Thread 0x000002a11281b800 Exception <a 'java/lang/ClassNotFoundException'{0x000000061aa496b8}: java/lang/ObjectCustomizer> (0x000000061aa496b8) thrown at [./open/src/hotspot/share/classfile/systemDictionary.cpp, line 226]
Event: 3.647 Thread 0x000002a11281b800 Exception <a 'java/lang/ClassNotFoundException'{0x000000061aa58700}: com/example/demo/domain/AuthorCustomizer> (0x000000061aa58700) thrown at [./open/src/hotspot/share/classfile/systemDictionary.cpp, line 226]
Event: 3.689 Thread 0x000002a11281b800 Exception <a 'java/lang/NoSuchMethodError'{0x000000062ae25fa8}: java.lang.invoke.DirectMethodHandle$Holder.invokeVirtual(Ljava/lang/Object;Ljava/lang/Object;Ljava/lang/Object;)I> (0x000000062ae25fa8) thrown at [./open/src/hotspot/share/interpreter/linkRes
Event: 3.695 Thread 0x000002a11281b800 Exception <a 'java/lang/ClassNotFoundException'{0x000000062ae7c450}: java/lang/ObjectCustomizer> (0x000000062ae7c450) thrown at [./open/src/hotspot/share/classfile/systemDictionary.cpp, line 226]
Event: 3.696 Thread 0x000002a11281b800 Exception <a 'java/lang/ClassNotFoundException'{0x000000062ae8b3a8}: com/example/demo/domain/BookCustomizer> (0x000000062ae8b3a8) thrown at [./open/src/hotspot/share/classfile/systemDictionary.cpp, line 226]
Event: 3.699 Thread 0x000002a11281b800 Exception <a 'java/lang/ClassNotFoundException'{0x000000062aeb82c8}: java/lang/ObjectCustomizer> (0x000000062aeb82c8) thrown at [./open/src/hotspot/share/classfile/systemDictionary.cpp, line 226]
Event: 3.699 Thread 0x000002a11281b800 Exception <a 'java/lang/ClassNotFoundException'{0x000000062aec7b50}: com/example/demo/domain/PublisherCustomizer> (0x000000062aec7b50) thrown at [./open/src/hotspot/share/classfile/systemDictionary.cpp, line 226]

Events (10 events):
Event: 3.699 loading class java/lang/ObjectCustomizer
Event: 3.699 loading class java/lang/ObjectCustomizer done
Event: 3.699 loading class com/example/demo/domain/PublisherCustomizer
Event: 3.699 loading class com/example/demo/domain/PublisherCustomizer done
Event: 3.699 loading class com/example/demo/domain/PublisherCustomizer
Event: 3.699 loading class com/example/demo/domain/PublisherCustomizer done
Event: 3.699 loading class com/example/demo/domain/PublisherCustomizer
Event: 3.699 loading class com/example/demo/domain/PublisherCustomizer done
Event: 3.704 loading class org/springframework/data/mapping/context/AbstractMappingContext$PersistentPropertyCreator
Event: 3.704 loading class org/springframework/data/mapping/context/AbstractMappingContext$PersistentPropertyCreator done


Dynamic libraries:
0x00007ff68b1b0000 - 0x00007ff68b1bf000 	C:\Program Files\Java\jdk-11.0.14\bin\javaw.exe
0x000002a10f8b0000 - 0x000002a10fab9000 	C:\WINDOWS\SYSTEM32\ntd1l.dll
0x000002a10fac0000 - 0x000002a10fb7e000 	C:\WINDOWS\System32\kern3l32.dll
0x00007ffc494a0000 - 0x00007ffc496a9000 	C:\WINDOWS\SYSTEM32\ntdll.dll
0x00007ffc47990000 - 0x00007ffc47a4e000 	C:\WINDOWS\System32\KERNEL32.DLL
0x00007ffc46fa0000 - 0x00007ffc4731c000 	C:\WINDOWS\System32\KERNELBASE.dll
0x00007ffc464b0000 - 0x00007ffc466e1000 	C:\Program Files\SentinelOne\Sentinel Agent 22.2.4.558\InProcessClient64.dll
0x00007ffc492c0000 - 0x00007ffc4936e000 	C:\WINDOWS\System32\ADVAPI32.dll
0x00007ffc48570000 - 0x00007ffc48613000 	C:\WINDOWS\System32\msvcrt.dll
0x00007ffc48880000 - 0x00007ffc4891e000 	C:\WINDOWS\System32\sechost.dll
0x00007ffc48440000 - 0x00007ffc48560000 	C:\WINDOWS\System32\RPCRT4.dll
0x00007ffc46bf0000 - 0x00007ffc46d01000 	C:\WINDOWS\System32\ucrtbase.dll
0x00007ffc32a10000 - 0x00007ffc32a25000 	C:\Program Files\Java\jdk-11.0.14\bin\VCRUNTIME140.dll
0x00007ffc32070000 - 0x00007ffc32088000 	C:\Program Files\Java\jdk-11.0.14\bin\jli.dll
0x00007ffc49000000 - 0x00007ffc491ad000 	C:\WINDOWS\System32\USER32.dll
0x00007ffc46e00000 - 0x00007ffc46e26000 	C:\WINDOWS\System32\win32u.dll
0x00007ffc1f540000 - 0x00007ffc1f7e5000 	C:\WINDOWS\WinSxS\amd64_microsoft.windows.common-controls_6595b64144ccf1df_6.0.22000.120_none_9d947278b86cc467\COMCTL32.dll
0x00007ffc48320000 - 0x00007ffc48349000 	C:\WINDOWS\System32\GDI32.dll
0x00007ffc46a10000 - 0x00007ffc46b28000 	C:\WINDOWS\System32\gdi32full.dll
0x00007ffc46970000 - 0x00007ffc46a0d000 	C:\WINDOWS\System32\msvcp_win.dll
0x00007ffc463a0000 - 0x00007ffc463aa000 	C:\WINDOWS\SYSTEM32\VERSION.dll
0x00007ffc47320000 - 0x00007ffc47352000 	C:\WINDOWS\System32\IMM32.DLL
0x0000000068000000 - 0x0000000068072000 	C:\WINDOWS\System32\QIPCAP64.dll
0x000002a111720000 - 0x000002a111ee5000 	C:\WINDOWS\System32\SHELL32.dll
0x00007ffc452b0000 - 0x00007ffc45398000 	C:\WINDOWS\SYSTEM32\DNSAPI.dll
0x00007ffc45280000 - 0x00007ffc452ad000 	C:\WINDOWS\SYSTEM32\IPHLPAPI.DLL
0x00007ffc48560000 - 0x00007ffc48569000 	C:\WINDOWS\System32\NSI.dll
0x00007ffc17130000 - 0x00007ffc171cb000 	C:\Program Files\Java\jdk-11.0.14\bin\msvcp140.dll
0x00007ffbd5e20000 - 0x00007ffbd6936000 	C:\Program Files\Java\jdk-11.0.14\bin\server\jvm.dll
0x00007ffc47940000 - 0x00007ffc47948000 	C:\WINDOWS\System32\PSAPI.DLL
0x00007ffc38730000 - 0x00007ffc38739000 	C:\WINDOWS\SYSTEM32\WSOCK32.dll
0x00007ffc48810000 - 0x00007ffc4887f000 	C:\WINDOWS\System32\WS2_32.dll
0x00007ffc3d970000 - 0x00007ffc3d9a3000 	C:\WINDOWS\SYSTEM32\WINMM.dll
0x00007ffc45760000 - 0x00007ffc45778000 	C:\WINDOWS\SYSTEM32\kernel.appcore.dll
0x00007ffc387d0000 - 0x00007ffc387e0000 	C:\Program Files\Java\jdk-11.0.14\bin\verify.dll
0x00007ffc43ca0000 - 0x00007ffc43ec1000 	C:\WINDOWS\SYSTEM32\DBGHELP.DLL
0x00007ffc2e8c0000 - 0x00007ffc2e8f1000 	C:\WINDOWS\SYSTEM32\dbgcore.DLL
0x00007ffc46d10000 - 0x00007ffc46d8f000 	C:\WINDOWS\System32\bcryptPrimitives.dll
0x00007ffc17cb0000 - 0x00007ffc17cd8000 	C:\Program Files\Java\jdk-11.0.14\bin\java.dll
0x00007ffc386d0000 - 0x00007ffc386da000 	C:\Program Files\Java\jdk-11.0.14\bin\jimage.dll
0x00007ffc17b80000 - 0x00007ffc17b96000 	C:\Program Files\Java\jdk-11.0.14\bin\zip.dll
0x00007ffc448f0000 - 0x00007ffc45155000 	C:\WINDOWS\SYSTEM32\windows.storage.dll
0x000002a13fb90000 - 0x000002a13ff08000 	C:\WINDOWS\System32\combase.dll
0x00007ffc44780000 - 0x00007ffc448e6000 	C:\WINDOWS\SYSTEM32\wintypes.dll
0x00007ffc48350000 - 0x00007ffc4843a000 	C:\WINDOWS\System32\SHCORE.dll
0x00007ffc47360000 - 0x00007ffc473bd000 	C:\WINDOWS\System32\shlwapi.dll
0x00007ffc468a0000 - 0x00007ffc468c1000 	C:\WINDOWS\SYSTEM32\profapi.dll
0x00007ffc17540000 - 0x00007ffc17559000 	C:\Program Files\Java\jdk-11.0.14\bin\net.dll
0x00007ffc3e040000 - 0x00007ffc3e154000 	C:\WINDOWS\SYSTEM32\WINHTTP.dll
0x00007ffc45bf0000 - 0x00007ffc45c57000 	C:\WINDOWS\system32\mswsock.dll
0x00007ffc17520000 - 0x00007ffc17532000 	C:\Program Files\Java\jdk-11.0.14\bin\nio.dll
0x00007ffc38310000 - 0x00007ffc38319000 	C:\Program Files\Java\jdk-11.0.14\bin\management.dll
0x00007ffc32a00000 - 0x00007ffc32a0b000 	C:\Program Files\Java\jdk-11.0.14\bin\management_ext.dll
0x00007ffbfca30000 - 0x00007ffbfca47000 	C:\WINDOWS\system32\napinsp.dll
0x00007ffbfca50000 - 0x00007ffbfca6b000 	C:\WINDOWS\system32\pnrpnsp.dll
0x00007ffbfca70000 - 0x00007ffbfca82000 	C:\WINDOWS\System32\winrnr.dll
0x00007ffc3cba0000 - 0x00007ffc3cbb5000 	C:\WINDOWS\system32\wshbth.dll
0x00007ffbfca90000 - 0x00007ffbfcaaf000 	C:\WINDOWS\system32\nlansp_c.dll
0x00007ffc3d940000 - 0x00007ffc3d94a000 	C:\Windows\System32\rasadhlp.dll
0x00007ffc3df00000 - 0x00007ffc3df81000 	C:\WINDOWS\System32\fwpuclnt.dll
0x00007ffc45ed0000 - 0x00007ffc45ee8000 	C:\WINDOWS\SYSTEM32\CRYPTSP.dll
0x00007ffc456c0000 - 0x00007ffc456f5000 	C:\WINDOWS\system32\rsaenh.dll
0x00007ffc45c90000 - 0x00007ffc45cb9000 	C:\WINDOWS\SYSTEM32\USERENV.dll
0x00007ffc46080000 - 0x00007ffc460a7000 	C:\WINDOWS\SYSTEM32\bcrypt.dll
0x00007ffc45de0000 - 0x00007ffc45dec000 	C:\WINDOWS\SYSTEM32\CRYPTBASE.dll
0x00007ffc3d950000 - 0x00007ffc3d969000 	C:\WINDOWS\SYSTEM32\dhcpcsvc6.DLL
0x00007ffc3dc80000 - 0x00007ffc3dc9e000 	C:\WINDOWS\SYSTEM32\dhcpcsvc.DLL

dbghelp: loaded successfully - version: 4.0.5 - missing functions: none
symbol engine: initialized successfully - sym options: 0x614 - pdb path: .;C:\Program Files\Java\jdk-11.0.14\bin;C:\WINDOWS\SYSTEM32;C:\Program Files\SentinelOne\Sentinel Agent 22.2.4.558;C:\WINDOWS\WinSxS\amd64_microsoft.windows.common-controls_6595b64144ccf1df_6.0.22000.120_none_9d947278b86cc467;C:\Program Files\Java\jdk-11.0.14\bin\server

VM Arguments:
jvm_args: -Dcom.sun.management.jmxremote -Dcom.sun.management.jmxremote.port=61504 -Dcom.sun.management.jmxremote.authenticate=false -Dcom.sun.management.jmxremote.ssl=false -Djava.rmi.server.hostname=localhost -Dspring.jmx.enabled=true -Dspring.application.admin.enabled=true -XX:TieredStopAtLevel=1 -Dspring.boot.project.name=demo-1 -Dfile.encoding=UTF-8 
java_command: com.example.demo.Demo1Application --spring.output.ansi.enabled=always
java_class_path (initial): C:\Users\NA1565\spring workspace14\demo-1\target\classes;C:\Users\NA1565\.m2\repository\org\springframework\boot\spring-boot-starter-data-jpa\2.4.0\spring-boot-starter-data-jpa-2.4.0.jar;C:\Users\NA1565\.m2\repository\org\springframework\boot\spring-boot-starter-aop\2.4.0\spring-boot-starter-aop-2.4.0.jar;C:\Users\NA1565\.m2\repository\org\springframework\spring-aop\5.3.1\spring-aop-5.3.1.jar;C:\Users\NA1565\.m2\repository\org\aspectj\aspectjweaver\1.9.6\aspectjweaver-1.9.6.jar;C:\Users\NA1565\.m2\repository\org\springframework\boot\spring-boot-starter-jdbc\2.4.0\spring-boot-starter-jdbc-2.4.0.jar;C:\Users\NA1565\.m2\repository\com\zaxxer\HikariCP\3.4.5\HikariCP-3.4.5.jar;C:\Users\NA1565\.m2\repository\org\springframework\spring-jdbc\5.3.1\spring-jdbc-5.3.1.jar;C:\Users\NA1565\.m2\repository\jakarta\transaction\jakarta.transaction-api\1.3.3\jakarta.transaction-api-1.3.3.jar;C:\Users\NA1565\.m2\repository\jakarta\persistence\jakarta.persistence-api\2.2.3\jakarta.persistence-api-2.2.3.jar;C:\Users\NA1565\.m2\repository\org\hibernate\hibernate-core\5.4.23.Final\hibernate-core-5.4.23.Final.jar;C:\Users\NA1565\.m2\repository\org\jboss\logging\jboss-logging\3.4.1.Final\jboss-logging-3.4.1.Final.jar;C:\Users\NA1565\.m2\repository\org\javassist\javassist\3.24.0-GA\javassist-3.24.0-GA.jar;C:\Users\NA1565\.m2\repository\net\bytebuddy\byte-buddy\1.10.18\byte-buddy-1.10.18.jar;C:\Users\NA1565\.m2\repository\antlr\antlr\2.7.7\antlr-2.7.7.jar;C:\Users\NA1565\.m2\repository\org\jboss\jandex\2.1.3.Final\jandex-2.1.3.Final.jar;C:\Users\NA1565\.m2\repository\com\fasterxml\classmate\1.5.1\classmate-1.5.1.jar;C:\Users\NA1565\.m2\repository\org\dom4j\dom4j\2.1.3\dom4j-2.1.3.jar;C:\Users\NA1565\.m2\repository\org\hibernate\common\hibernate-commons-annotations\5.1.2.Final\hibernate-commons-annotations-5.1.2.Final.jar;C:\Users\NA1565\.m2\repository\org\glassfish\jaxb\jaxb-runtime\2.3.3\jaxb-runtime-2.3.3.jar;C:\Users\NA1565\.m2\repository\org\glassfish\jaxb\txw
Launcher Type: SUN_STANDARD

[Global flags]
     intx CICompilerCount                          = 4                                         {product} {ergonomic}
     uint ConcGCThreads                            = 3                                         {product} {ergonomic}
     uint G1ConcRefinementThreads                  = 10                                        {product} {ergonomic}
   size_t G1HeapRegionSize                         = 2097152                                   {product} {ergonomic}
    uintx GCDrainStackTargetSize                   = 64                                        {product} {ergonomic}
   size_t InitialHeapSize                          = 532676608                                 {product} {ergonomic}
     bool ManagementServer                         = true                                      {product} {command line}
   size_t MarkStackSize                            = 4194304                                   {product} {ergonomic}
   size_t MaxHeapSize                              = 8508145664                                {product} {ergonomic}
   size_t MaxNewSize                               = 5104467968                                {product} {ergonomic}
   size_t MinHeapDeltaBytes                        = 2097152                                   {product} {ergonomic}
    uintx NonNMethodCodeHeapSize                   = 7549744                                {pd product} {ergonomic}
    uintx NonProfiledCodeHeapSize                  = 244108496                              {pd product} {ergonomic}
    uintx ProfiledCodeHeapSize                     = 0                                      {pd product} {ergonomic}
    uintx ReservedCodeCacheSize                    = 251658240                              {pd product} {ergonomic}
     bool SegmentedCodeCache                       = true                                      {product} {ergonomic}
     intx TieredStopAtLevel                        = 1                                         {product} {command line}
     bool UseCompressedClassPointers               = true                                 {lp64_product} {ergonomic}
     bool UseCompressedOops                        = true                                 {lp64_product} {ergonomic}
     bool UseG1GC                                  = true                                      {product} {ergonomic}
     bool UseLargePagesIndividualAllocation        = false                                  {pd product} {ergonomic}

Logging:
Log output configuration:
 #0: stdout all=warning uptime,level,tags
 #1: stderr all=off uptime,level,tags

Environment Variables:
JAVA_HOME=C:\Program Files\Java\jdk-11.0.14
PATH=C:/Users/NA1565/STS/sts-4.13.0.RELEASE//plugins/org.eclipse.justj.openjdk.hotspot.jre.full.win32.x86_64_17.0.1.v20211116-1657/jre/bin/server;C:/Users/NA1565/STS/sts-4.13.0.RELEASE//plugins/org.eclipse.justj.openjdk.hotspot.jre.full.win32.x86_64_17.0.1.v20211116-1657/jre/bin;C:\Program Files\Common Files\Oracle\Java\javapath;C:\Program Files (x86)\Common Files\Oracle\Java\javapath;C:\WINDOWS\CCM\;C:\Program Files (x86)\RSA SecurID Token Common;C:\WINDOWS\system32;C:\WINDOWS;C:\WINDOWS\System32\Wbem;C:\WINDOWS\System32\WindowsPowerShell\v1.0\;C:\WINDOWS\System32\OpenSSH\;C:\WINDOWS\system32\config\systemprofile\AppData\Local\Microsoft\WindowsApps;C:\windows\_SUPPORT\Tools;C:\Program Files\Apache-Maven-3.8.7\bin;C:\Program Files\Git\cmd;C:\Users\NA1565\AppData\Local\Microsoft\WindowsApps;C:\Program Files\Java\jdk-11.0.14\bin;C:\Program Files\Java\jre1.8.0_321\bin;C:\Program Files\Apache-Maven-3.8.7\bin;;C:\Users\NA1565\AppData\Local\Programs\Microsoft VS Code\bin;C:\Users\NA1565\STS\sts-4.13.0.RELEASE;
USERNAME=na1565
OS=Windows_NT
PROCESSOR_IDENTIFIER=Intel64 Family 6 Model 154 Stepping 4, GenuineIntel



---------------  S Y S T E M  ---------------

OS: Windows 11 , 64 bit Build 22000 (10.0.22000.1516)
Hyper-V role detected

CPU:total 12 (initial active 12) (6 cores per cpu, 2 threads per core) family 6 model 154 stepping 4 microcode 0x423, cmov, cx8, fxsr, mmx, sse, sse2, sse3, ssse3, sse4.1, sse4.2, popcnt, avx, avx2, aes, clmul, erms, 3dnowpref, lzcnt, ht, tsc, tscinvbit, bmi1, bmi2, adx, sha, fma

Memory: 4k page, system-wide physical 32452M (19439M free)
TotalPageFile size 37316M (AvailPageFile size 23738M)
current process WorkingSet (physical memory assigned to process): 338M, peak: 338M
current process commit charge ("private bytes"): 805M, peak: 805M

vm_info: Java HotSpot(TM) 64-Bit Server VM (11.0.14+8-LTS-263) for windows-amd64 JRE (11.0.14+8-LTS-263), built on Dec  7 2021 21:53:57 by "mach5one" with MS VC++ 15.9 (VS2017)

END.
